**(DumpTabuleiro)** estado inicial
  ===========================
  .X..............
  ..X.............
  XXX.............
  ................
  ................
  ................
  ................
  ................
  ................
  ................
  ................
  ................
  ................
  ................
  ................
  ................
  ===========================
**(DumpTabuleiro)** estado final
  ===========================
  ................
  ................
  ................
  ................
  ................
  ................
  ................
  ................
  ................
  ................
  ................
  ................
  ................
  ..............X.
  ...............X
  .............XXX
  ===========================
 Resultado correto com 16 imagens
Application 197192 resources: utime ~4s, stime ~2s

real	0m0.592s
user	0m0.016s
sys	0m0.012s
