
OBTEVE ID nproc 7  theproc 0  
MESTRE mandou MSG1 para 1 
MESTRE mandou MSG2 para 1 
MESTRE mandou MSG3 para 1 
MESTRE mandou MSG1 para 2 
MESTRE mandou MSG2 para 2 
MESTRE mandou MSG3 para 2 
MESTRE mandou MSG1 para 3 
MESTRE mandou MSG2 para 3 
MESTRE mandou MSG3 para 3 
MESTRE mandou MSG1 para 4 
MESTRE mandou MSG2 para 4 
MESTRE mandou MSG3 para 4 
MESTRE mandou MSG1 para 5 
MESTRE mandou MSG2 para 5 
MESTRE mandou MSG3 para 5 

OBTEVE ID nproc 7  theproc 1  
ESCRAVO 1 recebeu MSG1 de 0 
ESCRAVO 1 recebeu MSG2 de 0 
ESCRAVO 1 recebeu MSG3 de 0 
MESTRE mandou MSG1 para 6 
MESTRE mandou MSG2 para 6 
MESTRE mandou MSG3 para 6 

OBTEVE ID nproc 7  theproc 2  
ESCRAVO 2 recebeu MSG1 de 0 
ESCRAVO 2 recebeu MSG2 de 0 

OBTEVE ID nproc 7  theproc 3  
ESCRAVO 3 recebeu MSG1 de 0 
ESCRAVO 3 recebeu MSG2 de 0 
ESCRAVO 2 recebeu MSG3 de 0 
ESCRAVO 3 recebeu MSG3 de 0 

OBTEVE ID nproc 7  theproc 4  
ESCRAVO 4 recebeu MSG1 de 0 
ESCRAVO 4 recebeu MSG2 de 0 
ESCRAVO 4 recebeu MSG3 de 0 

OBTEVE ID nproc 7  theproc 6  
ESCRAVO 6 recebeu MSG1 de 0 
ESCRAVO 6 recebeu MSG2 de 0 
ESCRAVO 6 recebeu MSG3 de 0 

OBTEVE ID nproc 7  theproc 5  
ESCRAVO 5 recebeu MSG1 de 0 
ESCRAVO 5 recebeu MSG2 de 0 
ESCRAVO 5 recebeu MSG3 de 0 
ESCRAVO 3 mandou MSG4 para 0 
ESCRAVO 4 mandou MSG4 para 0 
ESCRAVO 2 mandou MSG4 para 0 
ESCRAVO 1 mandou MSG4 para 0 
ESCRAVO 5 mandou MSG4 para 0 
ESCRAVO 6 mandou MSG4 para 0 
MESTRE recebeu MSG4 de 1 
MESTRE recebeu MSG4 de 2 
MESTRE recebeu MSG4 de 3 
MESTRE recebeu MSG4 de 4 
MESTRE recebeu MSG4 de 5 
MESTRE recebeu MSG4 de 6 
pi=3.1416286, rel error   0.0011%, 1 procs, 2^30 points, 15.300364(s) exec time

real	0m16.416s
user	1m41.846s
sys	0m0.211s
