**(DumpTabuleiro)** estado inicial
  ===========================
  .X............
  ..X...........
  XXX...........
  ..............
  ..............
  ..............
  ..............
  ..............
  ..............
  ..............
  ..............
  ..............
  ..............
  ..............
  ===========================
**(DumpTabuleiro)**geracao 01
  ===========================
  ..............
  X.X...........
  .XX...........
  .X............
  ..............
  ..............
  ..............
  ..............
  ..............
  ..............
  ..............
  ..............
  ..............
  ..............
  ===========================
**(DumpTabuleiro)**geracao 02
  ===========================
  ..............
  ..X...........
  X.X...........
  .XX...........
  ..............
  ..............
  ..............
  ..............
  ..............
  ..............
  ..............
  ..............
  ..............
  ..............
  ===========================
**(DumpTabuleiro)**geracao 03
  ===========================
  ..............
  .X............
  ..XX..........
  .XX...........
  ..............
  ..............
  ..............
  ..............
  ..............
  ..............
  ..............
  ..............
  ..............
  ..............
  ===========================
**(DumpTabuleiro)**geracao 04
  ===========================
  ..............
  ..X...........
  ...X..........
  .XXX..........
  ..............
  ..............
  ..............
  ..............
  ..............
  ..............
  ..............
  ..............
  ..............
  ..............
  ===========================
**(DumpTabuleiro)**geracao 05
  ===========================
  ..............
  ..............
  .X.X..........
  ..XX..........
  ..X...........
  ..............
  ..............
  ..............
  ..............
  ..............
  ..............
  ..............
  ..............
  ..............
  ===========================
**(DumpTabuleiro)**geracao 06
  ===========================
  ..............
  ..............
  ...X..........
  .X.X..........
  ..XX..........
  ..............
  ..............
  ..............
  ..............
  ..............
  ..............
  ..............
  ..............
  ..............
  ===========================
**(DumpTabuleiro)**geracao 07
  ===========================
  ..............
  ..............
  ..X...........
  ...XX.........
  ..XX..........
  ..............
  ..............
  ..............
  ..............
  ..............
  ..............
  ..............
  ..............
  ..............
  ===========================
**(DumpTabuleiro)**geracao 08
  ===========================
  ..............
  ..............
  ...X..........
  ....X.........
  ..XXX.........
  ..............
  ..............
  ..............
  ..............
  ..............
  ..............
  ..............
  ..............
  ..............
  ===========================
**(DumpTabuleiro)**geracao 09
  ===========================
  ..............
  ..............
  ..............
  ..X.X.........
  ...XX.........
  ...X..........
  ..............
  ..............
  ..............
  ..............
  ..............
  ..............
  ..............
  ..............
  ===========================
**(DumpTabuleiro)**geracao 10
  ===========================
  ..............
  ..............
  ..............
  ....X.........
  ..X.X.........
  ...XX.........
  ..............
  ..............
  ..............
  ..............
  ..............
  ..............
  ..............
  ..............
  ===========================
**(DumpTabuleiro)**geracao 11
  ===========================
  ..............
  ..............
  ..............
  ...X..........
  ....XX........
  ...XX.........
  ..............
  ..............
  ..............
  ..............
  ..............
  ..............
  ..............
  ..............
  ===========================
**(DumpTabuleiro)**geracao 12
  ===========================
  ..............
  ..............
  ..............
  ....X.........
  .....X........
  ...XXX........
  ..............
  ..............
  ..............
  ..............
  ..............
  ..............
  ..............
  ..............
  ===========================
**(DumpTabuleiro)**geracao 13
  ===========================
  ..............
  ..............
  ..............
  ..............
  ...X.X........
  ....XX........
  ....X.........
  ..............
  ..............
  ..............
  ..............
  ..............
  ..............
  ..............
  ===========================
**(DumpTabuleiro)**geracao 14
  ===========================
  ..............
  ..............
  ..............
  ..............
  .....X........
  ...X.X........
  ....XX........
  ..............
  ..............
  ..............
  ..............
  ..............
  ..............
  ..............
  ===========================
**(DumpTabuleiro)**geracao 15
  ===========================
  ..............
  ..............
  ..............
  ..............
  ....X.........
  .....XX.......
  ....XX........
  ..............
  ..............
  ..............
  ..............
  ..............
  ..............
  ..............
  ===========================
**(DumpTabuleiro)**geracao 16
  ===========================
  ..............
  ..............
  ..............
  ..............
  .....X........
  ......X.......
  ....XXX.......
  ..............
  ..............
  ..............
  ..............
  ..............
  ..............
  ..............
  ===========================
**(DumpTabuleiro)**geracao 17
  ===========================
  ..............
  ..............
  ..............
  ..............
  ..............
  ....X.X.......
  .....XX.......
  .....X........
  ..............
  ..............
  ..............
  ..............
  ..............
  ..............
  ===========================
**(DumpTabuleiro)**geracao 18
  ===========================
  ..............
  ..............
  ..............
  ..............
  ..............
  ......X.......
  ....X.X.......
  .....XX.......
  ..............
  ..............
  ..............
  ..............
  ..............
  ..............
  ===========================
**(DumpTabuleiro)**geracao 19
  ===========================
  ..............
  ..............
  ..............
  ..............
  ..............
  .....X........
  ......XX......
  .....XX.......
  ..............
  ..............
  ..............
  ..............
  ..............
  ..............
  ===========================
**(DumpTabuleiro)**geracao 20
  ===========================
  ..............
  ..............
  ..............
  ..............
  ..............
  ......X.......
  .......X......
  .....XXX......
  ..............
  ..............
  ..............
  ..............
  ..............
  ..............
  ===========================
**(DumpTabuleiro)**geracao 21
  ===========================
  ..............
  ..............
  ..............
  ..............
  ..............
  ..............
  .....X.X......
  ......XX......
  ......X.......
  ..............
  ..............
  ..............
  ..............
  ..............
  ===========================
**(DumpTabuleiro)**geracao 22
  ===========================
  ..............
  ..............
  ..............
  ..............
  ..............
  ..............
  .......X......
  .....X.X......
  ......XX......
  ..............
  ..............
  ..............
  ..............
  ..............
  ===========================
**(DumpTabuleiro)**geracao 23
  ===========================
  ..............
  ..............
  ..............
  ..............
  ..............
  ..............
  ......X.......
  .......XX.....
  ......XX......
  ..............
  ..............
  ..............
  ..............
  ..............
  ===========================
**(DumpTabuleiro)**geracao 24
  ===========================
  ..............
  ..............
  ..............
  ..............
  ..............
  ..............
  .......X......
  ........X.....
  ......XXX.....
  ..............
  ..............
  ..............
  ..............
  ..............
  ===========================
**(DumpTabuleiro)**geracao 25
  ===========================
  ..............
  ..............
  ..............
  ..............
  ..............
  ..............
  ..............
  ......X.X.....
  .......XX.....
  .......X......
  ..............
  ..............
  ..............
  ..............
  ===========================
**(DumpTabuleiro)**geracao 26
  ===========================
  ..............
  ..............
  ..............
  ..............
  ..............
  ..............
  ..............
  ........X.....
  ......X.X.....
  .......XX.....
  ..............
  ..............
  ..............
  ..............
  ===========================
**(DumpTabuleiro)**geracao 27
  ===========================
  ..............
  ..............
  ..............
  ..............
  ..............
  ..............
  ..............
  .......X......
  ........XX....
  .......XX.....
  ..............
  ..............
  ..............
  ..............
  ===========================
**(DumpTabuleiro)**geracao 28
  ===========================
  ..............
  ..............
  ..............
  ..............
  ..............
  ..............
  ..............
  ........X.....
  .........X....
  .......XXX....
  ..............
  ..............
  ..............
  ..............
  ===========================
**(DumpTabuleiro)**geracao 29
  ===========================
  ..............
  ..............
  ..............
  ..............
  ..............
  ..............
  ..............
  ..............
  .......X.X....
  ........XX....
  ........X.....
  ..............
  ..............
  ..............
  ===========================
**(DumpTabuleiro)**geracao 30
  ===========================
  ..............
  ..............
  ..............
  ..............
  ..............
  ..............
  ..............
  ..............
  .........X....
  .......X.X....
  ........XX....
  ..............
  ..............
  ..............
  ===========================
**(DumpTabuleiro)**geracao 31
  ===========================
  ..............
  ..............
  ..............
  ..............
  ..............
  ..............
  ..............
  ..............
  ........X.....
  .........XX...
  ........XX....
  ..............
  ..............
  ..............
  ===========================
**(DumpTabuleiro)**geracao 32
  ===========================
  ..............
  ..............
  ..............
  ..............
  ..............
  ..............
  ..............
  ..............
  .........X....
  ..........X...
  ........XXX...
  ..............
  ..............
  ..............
  ===========================
**(DumpTabuleiro)**geracao 33
  ===========================
  ..............
  ..............
  ..............
  ..............
  ..............
  ..............
  ..............
  ..............
  ..............
  ........X.X...
  .........XX...
  .........X....
  ..............
  ..............
  ===========================
**(DumpTabuleiro)**geracao 34
  ===========================
  ..............
  ..............
  ..............
  ..............
  ..............
  ..............
  ..............
  ..............
  ..............
  ..........X...
  ........X.X...
  .........XX...
  ..............
  ..............
  ===========================
**(DumpTabuleiro)**geracao 35
  ===========================
  ..............
  ..............
  ..............
  ..............
  ..............
  ..............
  ..............
  ..............
  ..............
  .........X....
  ..........XX..
  .........XX...
  ..............
  ..............
  ===========================
**(DumpTabuleiro)**geracao 36
  ===========================
  ..............
  ..............
  ..............
  ..............
  ..............
  ..............
  ..............
  ..............
  ..............
  ..........X...
  ...........X..
  .........XXX..
  ..............
  ..............
  ===========================
**(DumpTabuleiro)**geracao 37
  ===========================
  ..............
  ..............
  ..............
  ..............
  ..............
  ..............
  ..............
  ..............
  ..............
  ..............
  .........X.X..
  ..........XX..
  ..........X...
  ..............
  ===========================
**(DumpTabuleiro)**geracao 38
  ===========================
  ..............
  ..............
  ..............
  ..............
  ..............
  ..............
  ..............
  ..............
  ..............
  ..............
  ...........X..
  .........X.X..
  ..........XX..
  ..............
  ===========================
**(DumpTabuleiro)**geracao 39
  ===========================
  ..............
  ..............
  ..............
  ..............
  ..............
  ..............
  ..............
  ..............
  ..............
  ..............
  ..........X...
  ...........XX.
  ..........XX..
  ..............
  ===========================
**(DumpTabuleiro)**geracao 40
  ===========================
  ..............
  ..............
  ..............
  ..............
  ..............
  ..............
  ..............
  ..............
  ..............
  ..............
  ...........X..
  ............X.
  ..........XXX.
  ..............
  ===========================
**(DumpTabuleiro)**geracao 41
  ===========================
  ..............
  ..............
  ..............
  ..............
  ..............
  ..............
  ..............
  ..............
  ..............
  ..............
  ..............
  ..........X.X.
  ...........XX.
  ...........X..
  ===========================
**(DumpTabuleiro)**geracao 42
  ===========================
  ..............
  ..............
  ..............
  ..............
  ..............
  ..............
  ..............
  ..............
  ..............
  ..............
  ..............
  ............X.
  ..........X.X.
  ...........XX.
  ===========================
**(DumpTabuleiro)**geracao 43
  ===========================
  ..............
  ..............
  ..............
  ..............
  ..............
  ..............
  ..............
  ..............
  ..............
  ..............
  ..............
  ...........X..
  ............XX
  ...........XX.
  ===========================
**(DumpTabuleiro)**geracao 44
  ===========================
  ..............
  ..............
  ..............
  ..............
  ..............
  ..............
  ..............
  ..............
  ..............
  ..............
  ..............
  ............X.
  .............X
  ...........XXX
  ===========================
 Resultado correto com 14 imagens
Application 197240 resources: utime ~2s, stime ~2s

real	0m0.520s
user	0m0.036s
sys	0m0.008s
