**(DumpTabuleiro)** estado inicial
  ===========================
  .X...
  ..X..
  XXX..
  .....
  .....
  ===========================
**(DumpTabuleiro)**geracao 01
  ===========================
  .....
  X.X..
  .XX..
  .X...
  .....
  ===========================
**(DumpTabuleiro)**geracao 02
  ===========================
  .....
  ..X..
  X.X..
  .XX..
  .....
  ===========================
**(DumpTabuleiro)**geracao 03
  ===========================
  .....
  .X...
  ..XX.
  .XX..
  .....
  ===========================
**(DumpTabuleiro)**geracao 04
  ===========================
  .....
  ..X..
  ...X.
  .XXX.
  .....
  ===========================
**(DumpTabuleiro)**geracao 05
  ===========================
  .....
  .....
  .X.X.
  ..XX.
  ..X..
  ===========================
**(DumpTabuleiro)**geracao 06
  ===========================
  .....
  .....
  ...X.
  .X.X.
  ..XX.
  ===========================
**(DumpTabuleiro)**geracao 07
  ===========================
  .....
  .....
  ..X..
  ...XX
  ..XX.
  ===========================
**(DumpTabuleiro)**geracao 08
  ===========================
  .....
  .....
  ...X.
  ....X
  ..XXX
  ===========================
 Resultado correto com  5 imagens
Application 197222 resources: utime ~0s, stime ~1s

real	0m0.360s
user	0m0.000s
sys	0m0.012s
