
OBTEVE ID nproc 4  theproc 0  
MESTRE mandou MSG1 para 1 
MESTRE mandou MSG2 para 1 
MESTRE mandou MSG3 para 1 
MESTRE mandou MSG1 para 2 
MESTRE mandou MSG2 para 2 
MESTRE mandou MSG3 para 2 
MESTRE mandou MSG1 para 3 
MESTRE mandou MSG2 para 3 

OBTEVE ID nproc 4  theproc 3  
ESCRAVO 3 recebeu MSG1 de 0 
ESCRAVO 3 recebeu MSG2 de 0 
MESTRE mandou MSG3 para 3 
ESCRAVO 3 recebeu MSG3 de 0 

OBTEVE ID nproc 4  theproc 1  
ESCRAVO 1 recebeu MSG1 de 0 
ESCRAVO 1 recebeu MSG2 de 0 
ESCRAVO 1 recebeu MSG3 de 0 

OBTEVE ID nproc 4  theproc 2  
ESCRAVO 2 recebeu MSG1 de 0 
ESCRAVO 2 recebeu MSG2 de 0 
ESCRAVO 2 recebeu MSG3 de 0 
ESCRAVO 1 mandou MSG4 para 0 
ESCRAVO 2 mandou MSG4 para 0 
MESTRE recebeu MSG4 de 1 
MESTRE recebeu MSG4 de 2 
MESTRE recebeu MSG4 de 3 
ESCRAVO 3 mandou MSG4 para 0 
pi=3.1416511, rel error   0.0019%, 1 procs, 2^30 points, 20.249968(s) exec time

real	0m21.318s
user	1m17.648s
sys	0m0.046s
