**(DumpTabuleiro)** estado inicial
  ===========================
  .X.....
  ..X....
  XXX....
  .......
  .......
  .......
  .......
  ===========================
**(DumpTabuleiro)**geracao 01
  ===========================
  .......
  X.X....
  .XX....
  .X.....
  .......
  .......
  .......
  ===========================
**(DumpTabuleiro)**geracao 02
  ===========================
  .......
  ..X....
  X.X....
  .XX....
  .......
  .......
  .......
  ===========================
**(DumpTabuleiro)**geracao 03
  ===========================
  .......
  .X.....
  ..XX...
  .XX....
  .......
  .......
  .......
  ===========================
**(DumpTabuleiro)**geracao 04
  ===========================
  .......
  ..X....
  ...X...
  .XXX...
  .......
  .......
  .......
  ===========================
**(DumpTabuleiro)**geracao 05
  ===========================
  .......
  .......
  .X.X...
  ..XX...
  ..X....
  .......
  .......
  ===========================
**(DumpTabuleiro)**geracao 06
  ===========================
  .......
  .......
  ...X...
  .X.X...
  ..XX...
  .......
  .......
  ===========================
**(DumpTabuleiro)**geracao 07
  ===========================
  .......
  .......
  ..X....
  ...XX..
  ..XX...
  .......
  .......
  ===========================
**(DumpTabuleiro)**geracao 08
  ===========================
  .......
  .......
  ...X...
  ....X..
  ..XXX..
  .......
  .......
  ===========================
**(DumpTabuleiro)**geracao 09
  ===========================
  .......
  .......
  .......
  ..X.X..
  ...XX..
  ...X...
  .......
  ===========================
**(DumpTabuleiro)**geracao 10
  ===========================
  .......
  .......
  .......
  ....X..
  ..X.X..
  ...XX..
  .......
  ===========================
**(DumpTabuleiro)**geracao 11
  ===========================
  .......
  .......
  .......
  ...X...
  ....XX.
  ...XX..
  .......
  ===========================
**(DumpTabuleiro)**geracao 12
  ===========================
  .......
  .......
  .......
  ....X..
  .....X.
  ...XXX.
  .......
  ===========================
**(DumpTabuleiro)**geracao 13
  ===========================
  .......
  .......
  .......
  .......
  ...X.X.
  ....XX.
  ....X..
  ===========================
**(DumpTabuleiro)**geracao 14
  ===========================
  .......
  .......
  .......
  .......
  .....X.
  ...X.X.
  ....XX.
  ===========================
**(DumpTabuleiro)**geracao 15
  ===========================
  .......
  .......
  .......
  .......
  ....X..
  .....XX
  ....XX.
  ===========================
**(DumpTabuleiro)**geracao 16
  ===========================
  .......
  .......
  .......
  .......
  .....X.
  ......X
  ....XXX
  ===========================
 Resultado correto com  7 imagens
Application 197226 resources: utime ~1s, stime ~1s

real	0m0.476s
user	0m0.016s
sys	0m0.008s
