**(DumpTabuleiro)** estado inicial
  ===========================
  .X..............
  ..X.............
  XXX.............
  ................
  ................
  ................
  ................
  ................
  ................
  ................
  ................
  ................
  ................
  ................
  ................
  ................
  ===========================
**(DumpTabuleiro)** estado final
  ===========================
  ................
  ................
  ................
  ................
  ................
  ................
  ................
  ................
  ................
  ................
  ................
  ................
  ................
  ..............X.
  ...............X
  .............XXX
  ===========================
 Resultado correto com 16 imagens
Application 197218 resources: utime ~8s, stime ~2s

real	0m0.896s
user	0m0.012s
sys	0m0.008s
